2026-01-06 03:04:01,023 [INFO] Scanning data sources for emails...
2026-01-06 03:04:01,024 [INFO] Loaded 500 emails from MOCK_DATA.csv
2026-01-06 03:04:01,025 [INFO] Loaded 500 emails from MOCK_DATA (1).csv
2026-01-06 03:04:01,026 [INFO] Loaded 500 emails from MOCK_DATA (2).csv
2026-01-06 03:04:01,027 [INFO] Loaded 500 emails from MOCK_DATA (3).csv
2026-01-06 03:04:01,027 [INFO] --- Progress Summary ---
2026-01-06 03:04:01,027 [INFO] Total Unique Emails: 2000
2026-01-06 03:04:01,027 [INFO] Already Processed:   36
2026-01-06 03:04:01,027 [INFO] Remaining:           1964
2026-01-06 03:04:01,028 [INFO] Starting batch of 50 emails...
2026-01-06 03:04:04,180 [INFO] SUCCESS: cmcphilip7a@nature.com
2026-01-06 03:04:04,181 [INFO] Waiting 19.0s before next request...
2026-01-06 03:04:14,553 [INFO] Process stopped by user.
2026-01-06 03:04:14,554 [INFO] Batch complete.
2026-01-06 02:19:39,707 [INFO] Scanning data sources for emails...
2026-01-06 02:19:39,708 [INFO] Loaded 500 emails from MOCK_DATA (3).csv
2026-01-06 02:19:39,709 [INFO] Loaded 500 emails from MOCK_DATA (4).csv
2026-01-06 02:19:39,711 [INFO] Loaded 500 emails from MOCK_DATA (2).csv
2026-01-06 02:19:39,712 [INFO] Loaded 500 emails from MOCK_DATA (1).csv
2026-01-06 02:19:39,713 [INFO] Loaded 500 emails from MOCK_DATA.csv
2026-01-06 02:19:39,714 [INFO] --- Progress Summary ---
2026-01-06 02:19:39,714 [INFO] Total Unique Emails: 2500
2026-01-06 02:19:39,714 [INFO] Already Processed:   37
2026-01-06 02:19:39,714 [INFO] Remaining:           2463
2026-01-06 02:19:39,715 [INFO] Starting batch of 50 emails...
2026-01-06 02:19:40,738 [INFO] SUCCESS: brau8t@odnoklassniki.ru
2026-01-06 02:19:40,739 [INFO] Waiting 18.9s before next request...
2026-01-06 02:20:00,798 [INFO] SUCCESS: fjosskowitz9i@cornell.edu
2026-01-06 02:20:00,799 [INFO] Waiting 18.7s before next request...
2026-01-06 02:20:20,211 [INFO] SUCCESS: dashborn84@rambler.ru
2026-01-06 02:20:20,211 [INFO] Waiting 24.1s before next request...
2026-01-06 02:20:45,051 [INFO] SUCCESS: nwason90@businessinsider.com
2026-01-06 02:20:45,052 [INFO] Waiting 9.6s before next request...
2026-01-06 02:20:56,819 [INFO] SUCCESS: lrelfe7@webeden.co.uk
2026-01-06 02:20:56,819 [INFO] Waiting 5.4s before next request...
2026-01-06 02:21:03,231 [INFO] SUCCESS: whardwini@huffingtonpost.com
2026-01-06 02:21:03,231 [INFO] Waiting 21.2s before next request...
2026-01-06 02:21:26,078 [INFO] SUCCESS: asiberyv@sohu.com
2026-01-06 02:21:26,078 [INFO] Waiting 18.1s before next request...
2026-01-06 02:21:44,979 [INFO] SUCCESS: fkemingbq@patch.com
2026-01-06 02:21:44,979 [INFO] Waiting 12.1s before next request...
2026-01-06 02:21:59,019 [INFO] SUCCESS: ifarncomb8d@quantcast.com
2026-01-06 02:21:59,019 [INFO] Waiting 10.5s before next request...
2026-01-06 02:22:10,376 [INFO] SUCCESS: acashell8@slate.com
2026-01-06 02:22:10,377 [INFO] Waiting 22.7s before next request...
2026-01-06 02:22:36,203 [INFO] SUCCESS: bgennerich7q@timesonline.co.uk
2026-01-06 02:22:36,203 [INFO] Waiting 22.6s before next request...
2026-01-06 02:22:59,509 [INFO] SUCCESS: jcoslettcz@seattletimes.com
2026-01-06 02:22:59,510 [INFO] Waiting 23.2s before next request...
2026-01-06 02:23:25,829 [INFO] SUCCESS: ilererd5@smugmug.com
2026-01-06 02:23:25,829 [INFO] Waiting 25.0s before next request...
2026-01-06 02:23:51,507 [INFO] SUCCESS: rosullivan2j@com.com
2026-01-06 02:23:51,507 [INFO] Waiting 16.9s before next request...
2026-01-06 02:24:09,284 [INFO] SUCCESS: bhouston99@jugem.jp
2026-01-06 02:24:09,284 [INFO] Waiting 17.3s before next request...
2026-01-06 02:24:27,513 [INFO] SUCCESS: dhayshamck@slideshare.net
2026-01-06 02:24:27,513 [INFO] Waiting 6.6s before next request...
2026-01-06 02:24:34,802 [INFO] SUCCESS: lginnell6s@tmall.com
2026-01-06 02:24:34,802 [INFO] Waiting 6.8s before next request...
2026-01-06 02:24:42,667 [INFO] SUCCESS: llebosse6i@symantec.com
2026-01-06 02:24:42,667 [INFO] Waiting 7.8s before next request...
2026-01-06 02:24:52,042 [INFO] SUCCESS: hsprostoncw@bloglines.com
2026-01-06 02:24:52,042 [INFO] Waiting 10.0s before next request...
2026-01-06 02:25:03,703 [INFO] SUCCESS: amacklam6h@sogou.com
2026-01-06 02:25:03,703 [INFO] Waiting 8.0s before next request...
2026-01-06 02:25:12,757 [INFO] SUCCESS: mburleycu@unc.edu
2026-01-06 02:25:12,757 [INFO] Waiting 11.6s before next request...
2026-01-06 02:25:25,761 [INFO] SUCCESS: fchafer9h@google.ca
2026-01-06 02:25:25,762 [INFO] Waiting 12.8s before next request...
2026-01-06 02:25:39,491 [INFO] SUCCESS: skluger6d@eepurl.com
2026-01-06 02:25:39,491 [INFO] Waiting 11.5s before next request...
2026-01-06 02:25:51,772 [INFO] SUCCESS: nbrinkler48@disqus.com
2026-01-06 02:25:51,772 [INFO] Waiting 6.0s before next request...
2026-01-06 02:25:58,528 [INFO] SUCCESS: rpaton1y@usa.gov
2026-01-06 02:25:58,528 [INFO] Waiting 24.8s before next request...
2026-01-06 02:26:25,536 [INFO] SUCCESS: fjeacock1g@google.co.uk
2026-01-06 02:26:25,536 [INFO] Waiting 11.0s before next request...
2026-01-06 02:26:37,191 [INFO] SUCCESS: mkeynd83@thetimes.co.uk
2026-01-06 02:26:37,191 [INFO] Waiting 22.7s before next request...
2026-01-06 02:27:02,964 [INFO] SUCCESS: lbiaggiolids@istockphoto.com
2026-01-06 02:27:02,964 [INFO] Waiting 9.8s before next request...
2026-01-06 02:27:14,153 [INFO] SUCCESS: abunker53@google.it
2026-01-06 02:27:14,154 [INFO] Waiting 6.6s before next request...
2026-01-06 02:27:21,457 [INFO] SUCCESS: fick6m@mozilla.com
2026-01-06 02:27:21,458 [INFO] Waiting 11.3s before next request...
2026-01-06 02:27:33,651 [INFO] SUCCESS: ojenikbw@princeton.edu
2026-01-06 02:27:33,651 [INFO] Waiting 19.9s before next request...
2026-01-06 02:27:55,473 [INFO] SUCCESS: nshand7h@marriott.com
2026-01-06 02:27:55,474 [INFO] Waiting 17.2s before next request...
2026-01-06 02:28:15,139 [INFO] SUCCESS: cmalehambi@ezinearticles.com
2026-01-06 02:28:15,139 [INFO] Waiting 17.9s before next request...
2026-01-06 02:28:34,693 [INFO] SUCCESS: pconkie6p@amazon.co.uk
2026-01-06 02:28:34,693 [INFO] Waiting 12.9s before next request...
2026-01-06 02:28:48,360 [INFO] SUCCESS: gvazd3@cargocollective.com
2026-01-06 02:28:48,361 [INFO] Waiting 15.1s before next request...
2026-01-06 02:29:04,425 [INFO] SUCCESS: rchampness9b@shop-pro.jp
2026-01-06 02:29:04,425 [INFO] Waiting 12.0s before next request...
2026-01-06 02:29:17,357 [INFO] SUCCESS: nvanschafflaer5z@privacy.gov.au
2026-01-06 02:29:17,357 [INFO] Waiting 12.0s before next request...
2026-01-06 02:29:30,659 [INFO] SUCCESS: fcarmichael5m@sciencedaily.com
2026-01-06 02:29:30,659 [INFO] Waiting 17.7s before next request...
2026-01-06 02:29:49,107 [INFO] SUCCESS: uwadie7k@hao123.com
2026-01-06 02:29:49,108 [INFO] Waiting 5.5s before next request...
2026-01-06 02:29:55,400 [INFO] SUCCESS: mdanielian70@ed.gov
2026-01-06 02:29:55,400 [INFO] Waiting 12.4s before next request...
2026-01-06 02:30:08,796 [INFO] SUCCESS: mmackriell92@chron.com
2026-01-06 02:30:08,796 [INFO] Waiting 11.5s before next request...
2026-01-06 02:30:21,929 [INFO] SUCCESS: bfriary1b@washingtonpost.com
2026-01-06 02:30:21,929 [INFO] Waiting 17.5s before next request...
2026-01-06 02:30:40,299 [INFO] SUCCESS: nmotten9w@tiny.cc
2026-01-06 02:30:40,300 [INFO] Waiting 7.3s before next request...
2026-01-06 02:30:48,853 [INFO] SUCCESS: rcayzerc7@mayoclinic.com
2026-01-06 02:30:48,853 [INFO] Waiting 17.0s before next request...
2026-01-06 02:31:06,643 [INFO] SUCCESS: dperdueac@canalblog.com
2026-01-06 02:31:06,643 [INFO] Waiting 10.2s before next request...
2026-01-06 02:31:20,196 [INFO] SUCCESS: bmarusyak13@hugedomains.com
2026-01-06 02:31:20,196 [INFO] Waiting 16.8s before next request...
2026-01-06 02:31:38,045 [INFO] SUCCESS: clacknorcu@zimbio.com
2026-01-06 02:31:38,045 [INFO] Waiting 21.6s before next request...
2026-01-06 02:32:01,632 [INFO] SUCCESS: dcastellettidi@nydailynews.com
2026-01-06 02:32:01,632 [INFO] Waiting 13.7s before next request...
2026-01-06 02:32:16,359 [INFO] SUCCESS: ccharlewood51@livejournal.com
2026-01-06 02:32:16,359 [INFO] Waiting 16.2s before next request...
2026-01-06 02:32:33,477 [WARNING] REJECTED: kfeatherston9l@boston.com | Response: {"success":false,"data":"You have already voted for Folakemi. You can vote for other babies, but onl
2026-01-06 02:32:33,477 [INFO] Batch complete.
